  [4;36;1mSQL (0.8ms)[0m   [0;1m SELECT name
 FROM sqlite_master
 WHERE type = 'table' AND NOT name = 'sqlite_sequence'
[0m
  [4;35;1mSQL (0.4ms)[0m   [0mselect sqlite_version(*)[0m
  [4;36;1mSQL (21.4ms)[0m   [0;1mCREATE TABLE "schema_migrations" ("version" varchar(255) NOT NULL) [0m
  [4;35;1mSQL (2.2ms)[0m   [0mCREATE UNIQUE INDEX "unique_schema_migrations" ON "schema_migrations" ("version")[0m
  [4;36;1mSQL (0.5ms)[0m   [0;1m SELECT name
 FROM sqlite_master
 WHERE type = 'table' AND NOT name = 'sqlite_sequence'
[0m
  [4;35;1mSQL (0.2ms)[0m   [0mSELECT version FROM schema_migrations[0m
Migrating to CreateTasks (20090606201808)
  [4;36;1mSQL (1.0ms)[0m   [0;1mCREATE TABLE "tasks" ("id" INTEGER PRIMARY KEY AUTOINCREMENT NOT NULL, "name" varchar(255), "slug" varchar(255), "cookiecode" varchar(255), "webcode" varchar(255), "complete" boolean DEFAULT 'f', "created_at" datetime, "updated_at" datetime) [0m
  [4;35;1mSQL (0.4ms)[0m   [0mCREATE INDEX "index_tasks_on_slug" ON "tasks" ("slug")[0m
  [4;36;1mSQL (0.3ms)[0m   [0;1mINSERT INTO schema_migrations (version) VALUES ('20090606201808')[0m
  [4;35;1mSQL (0.6ms)[0m   [0m SELECT name
 FROM sqlite_master
 WHERE type = 'table' AND NOT name = 'sqlite_sequence'
[0m
  [4;36;1mSQL (0.4ms)[0m   [0;1mSELECT version FROM schema_migrations[0m
  [4;35;1mSQL (0.5ms)[0m   [0m SELECT name
 FROM sqlite_master
 WHERE type = 'table' AND NOT name = 'sqlite_sequence'
[0m
  [4;36;1mSQL (0.4ms)[0m   [0;1mPRAGMA index_list("tasks")[0m
  [4;35;1mSQL (0.4ms)[0m   [0mPRAGMA index_info('index_tasks_on_slug')[0m


Processing ApplicationController#index (for 127.0.0.1 at 2009-06-06 16:29:55) [GET]

ActionController::RoutingError (No route matches "/" with {:method=>:get}):
  thin (1.0.0) lib/thin/connection.rb:63:in `pre_process'
  thin (1.0.0) lib/thin/connection.rb:54:in `process'
  thin (1.0.0) lib/thin/connection.rb:39:in `receive_data'
  eventmachine (0.12.0) lib/eventmachine.rb:224:in `run_machine'
  eventmachine (0.12.0) lib/eventmachine.rb:224:in `run'
  thin (1.0.0) lib/thin/backends/base.rb:57:in `start'
  thin (1.0.0) lib/thin/server.rb:150:in `start'
  thin (1.0.0) lib/thin/controllers/controller.rb:80:in `start'
  thin (1.0.0) lib/thin/runner.rb:173:in `send'
  thin (1.0.0) lib/thin/runner.rb:173:in `run_command'
  thin (1.0.0) lib/thin/runner.rb:139:in `run!'
  thin (1.0.0) bin/thin:6
  /usr/bin/thin:19:in `load'
  /usr/bin/thin:19

Rendering rescues/layout (not_found)


Processing ApplicationController#index (for 127.0.0.1 at 2009-06-06 16:30:59) [GET]

NoMethodError (undefined method `camelize' for :tasks:Symbol):
  thin (1.0.0) lib/thin/connection.rb:63:in `pre_process'
  thin (1.0.0) lib/thin/connection.rb:54:in `process'
  thin (1.0.0) lib/thin/connection.rb:39:in `receive_data'
  eventmachine (0.12.0) lib/eventmachine.rb:224:in `run_machine'
  eventmachine (0.12.0) lib/eventmachine.rb:224:in `run'
  thin (1.0.0) lib/thin/backends/base.rb:57:in `start'
  thin (1.0.0) lib/thin/server.rb:150:in `start'
  thin (1.0.0) lib/thin/controllers/controller.rb:80:in `start'
  thin (1.0.0) lib/thin/runner.rb:173:in `send'
  thin (1.0.0) lib/thin/runner.rb:173:in `run_command'
  thin (1.0.0) lib/thin/runner.rb:139:in `run!'
  thin (1.0.0) bin/thin:6
  /usr/bin/thin:19:in `load'
  /usr/bin/thin:19

/!\ FAILSAFE /!\  Sat Jun 06 16:30:59 -0400 2009
  Status: 500 Internal Server Error
  
ActionView::TemplateError (undefined method `humanize' for :tasks:Symbol) in /usr/lib/ruby/gems/1.8/gems/actionpack-2.3.2/lib/action_controller/templates/rescues/diagnostics.erb:

    thin (1.0.0) lib/thin/connection.rb:63:in `pre_process'
    thin (1.0.0) lib/thin/connection.rb:54:in `process'
    thin (1.0.0) lib/thin/connection.rb:39:in `receive_data'
    eventmachine (0.12.0) lib/eventmachine.rb:224:in `run_machine'
    eventmachine (0.12.0) lib/eventmachine.rb:224:in `run'
    thin (1.0.0) lib/thin/backends/base.rb:57:in `start'
    thin (1.0.0) lib/thin/server.rb:150:in `start'
    thin (1.0.0) lib/thin/controllers/controller.rb:80:in `start'
    thin (1.0.0) lib/thin/runner.rb:173:in `send'
    thin (1.0.0) lib/thin/runner.rb:173:in `run_command'
    thin (1.0.0) lib/thin/runner.rb:139:in `run!'
    thin (1.0.0) bin/thin:6
    /usr/bin/thin:19:in `load'
    /usr/bin/thin:19


    In /usr/lib/ruby/gems/1.8/gems/actionpack-2.3.2/lib/action_controller/templates/rescues/diagnostics.erb


    thin (1.0.0) lib/thin/connection.rb:63:in `pre_process'
    thin (1.0.0) lib/thin/connection.rb:54:in `process'
    thin (1.0.0) lib/thin/connection.rb:39:in `receive_data'
    eventmachine (0.12.0) lib/eventmachine.rb:224:in `run_machine'
    eventmachine (0.12.0) lib/eventmachine.rb:224:in `run'
    thin (1.0.0) lib/thin/backends/base.rb:57:in `start'
    thin (1.0.0) lib/thin/server.rb:150:in `start'
    thin (1.0.0) lib/thin/controllers/controller.rb:80:in `start'
    thin (1.0.0) lib/thin/runner.rb:173:in `send'
    thin (1.0.0) lib/thin/runner.rb:173:in `run_command'
    thin (1.0.0) lib/thin/runner.rb:139:in `run!'
    thin (1.0.0) bin/thin:6
    /usr/bin/thin:19:in `load'
    /usr/bin/thin:19


Processing TasksController#index (for 127.0.0.1 at 2009-06-06 16:31:50) [GET]

ActionController::UnknownAction (No action responded to index. Actions: new and show):
  thin (1.0.0) lib/thin/connection.rb:63:in `pre_process'
  thin (1.0.0) lib/thin/connection.rb:54:in `process'
  thin (1.0.0) lib/thin/connection.rb:39:in `receive_data'
  eventmachine (0.12.0) lib/eventmachine.rb:224:in `run_machine'
  eventmachine (0.12.0) lib/eventmachine.rb:224:in `run'
  thin (1.0.0) lib/thin/backends/base.rb:57:in `start'
  thin (1.0.0) lib/thin/server.rb:150:in `start'
  thin (1.0.0) lib/thin/controllers/controller.rb:80:in `start'
  thin (1.0.0) lib/thin/runner.rb:173:in `send'
  thin (1.0.0) lib/thin/runner.rb:173:in `run_command'
  thin (1.0.0) lib/thin/runner.rb:139:in `run!'
  thin (1.0.0) bin/thin:6
  /usr/bin/thin:19:in `load'
  /usr/bin/thin:19

Rendering rescues/layout (not_found)


Processing TasksController#index (for 127.0.0.1 at 2009-06-06 16:33:18) [GET]
Rendering tasks/index
Completed in 5ms (View: 3, DB: 0) | 200 OK [http://localhost/]


Processing TasksController#show (for 127.0.0.1 at 2009-06-06 16:33:23) [GET]
  Parameters: {"id"=>"my-task"}
  [4;36;1mTask Load (0.3ms)[0m   [0;1mSELECT * FROM "tasks" WHERE ("tasks"."slug" = 'my-task') LIMIT 1[0m

ActiveRecord::RecordNotFound (Unable to find Task with slug = my-task):
  app/controllers/tasks_controller.rb:3:in `show'
  thin (1.0.0) lib/thin/connection.rb:63:in `pre_process'
  thin (1.0.0) lib/thin/connection.rb:54:in `process'
  thin (1.0.0) lib/thin/connection.rb:39:in `receive_data'
  eventmachine (0.12.0) lib/eventmachine.rb:224:in `run_machine'
  eventmachine (0.12.0) lib/eventmachine.rb:224:in `run'
  thin (1.0.0) lib/thin/backends/base.rb:57:in `start'
  thin (1.0.0) lib/thin/server.rb:150:in `start'
  thin (1.0.0) lib/thin/controllers/controller.rb:80:in `start'
  thin (1.0.0) lib/thin/runner.rb:173:in `send'
  thin (1.0.0) lib/thin/runner.rb:173:in `run_command'
  thin (1.0.0) lib/thin/runner.rb:139:in `run!'
  thin (1.0.0) bin/thin:6
  /usr/bin/thin:19:in `load'
  /usr/bin/thin:19

Rendered rescues/_trace (120.1ms)
Rendered rescues/_request_and_response (1.3ms)
Rendering rescues/layout (not_found)


Processing TasksController#show (for 127.0.0.1 at 2009-06-06 16:35:05) [GET]
  Parameters: {"id"=>"my-task"}
  [4;36;1mTask Load (0.2ms)[0m   [0;1mSELECT * FROM "tasks" WHERE ("tasks"."slug" = 'my-task') LIMIT 1[0m

ActiveRecord::RecordNotFound (Unable to find Task with slug = my-task):
  app/controllers/tasks_controller.rb:3:in `show'
  thin (1.0.0) lib/thin/connection.rb:63:in `pre_process'
  thin (1.0.0) lib/thin/connection.rb:54:in `process'
  thin (1.0.0) lib/thin/connection.rb:39:in `receive_data'
  eventmachine (0.12.0) lib/eventmachine.rb:224:in `run_machine'
  eventmachine (0.12.0) lib/eventmachine.rb:224:in `run'
  thin (1.0.0) lib/thin/backends/base.rb:57:in `start'
  thin (1.0.0) lib/thin/server.rb:150:in `start'
  thin (1.0.0) lib/thin/controllers/controller.rb:80:in `start'
  thin (1.0.0) lib/thin/runner.rb:173:in `send'
  thin (1.0.0) lib/thin/runner.rb:173:in `run_command'
  thin (1.0.0) lib/thin/runner.rb:139:in `run!'
  thin (1.0.0) bin/thin:6
  /usr/bin/thin:19:in `load'
  /usr/bin/thin:19

Rendered rescues/_trace (102.8ms)
Rendered rescues/_request_and_response (1.3ms)
Rendering rescues/layout (not_found)


Processing TasksController#show (for 127.0.0.1 at 2009-06-06 16:35:07) [GET]
  Parameters: {"id"=>"my-task"}
  [4;35;1mTask Load (0.5ms)[0m   [0mSELECT * FROM "tasks" WHERE ("tasks"."slug" = 'my-task') LIMIT 1[0m

ActiveRecord::RecordNotFound (Unable to find Task with slug = my-task):
  app/controllers/tasks_controller.rb:3:in `show'
  thin (1.0.0) lib/thin/connection.rb:63:in `pre_process'
  thin (1.0.0) lib/thin/connection.rb:54:in `process'
  thin (1.0.0) lib/thin/connection.rb:39:in `receive_data'
  eventmachine (0.12.0) lib/eventmachine.rb:224:in `run_machine'
  eventmachine (0.12.0) lib/eventmachine.rb:224:in `run'
  thin (1.0.0) lib/thin/backends/base.rb:57:in `start'
  thin (1.0.0) lib/thin/server.rb:150:in `start'
  thin (1.0.0) lib/thin/controllers/controller.rb:80:in `start'
  thin (1.0.0) lib/thin/runner.rb:173:in `send'
  thin (1.0.0) lib/thin/runner.rb:173:in `run_command'
  thin (1.0.0) lib/thin/runner.rb:139:in `run!'
  thin (1.0.0) bin/thin:6
  /usr/bin/thin:19:in `load'
  /usr/bin/thin:19

Rendered rescues/_trace (31.7ms)
Rendered rescues/_request_and_response (0.3ms)
Rendering rescues/layout (not_found)


Processing TasksController#show (for 127.0.0.1 at 2009-06-06 16:35:07) [GET]
  Parameters: {"id"=>"my-task"}
  [4;36;1mTask Load (0.4ms)[0m   [0;1mSELECT * FROM "tasks" WHERE ("tasks"."slug" = 'my-task') LIMIT 1[0m

ActiveRecord::RecordNotFound (Unable to find Task with slug = my-task):
  app/controllers/tasks_controller.rb:3:in `show'
  thin (1.0.0) lib/thin/connection.rb:63:in `pre_process'
  thin (1.0.0) lib/thin/connection.rb:54:in `process'
  thin (1.0.0) lib/thin/connection.rb:39:in `receive_data'
  eventmachine (0.12.0) lib/eventmachine.rb:224:in `run_machine'
  eventmachine (0.12.0) lib/eventmachine.rb:224:in `run'
  thin (1.0.0) lib/thin/backends/base.rb:57:in `start'
  thin (1.0.0) lib/thin/server.rb:150:in `start'
  thin (1.0.0) lib/thin/controllers/controller.rb:80:in `start'
  thin (1.0.0) lib/thin/runner.rb:173:in `send'
  thin (1.0.0) lib/thin/runner.rb:173:in `run_command'
  thin (1.0.0) lib/thin/runner.rb:139:in `run!'
  thin (1.0.0) bin/thin:6
  /usr/bin/thin:19:in `load'
  /usr/bin/thin:19

Rendered rescues/_trace (48.6ms)
Rendered rescues/_request_and_response (0.3ms)
Rendering rescues/layout (not_found)


Processing TasksController#show (for 127.0.0.1 at 2009-06-06 16:35:23) [GET]
  Parameters: {"id"=>"my-task"}
  [4;35;1mTask Load (0.4ms)[0m   [0mSELECT * FROM "tasks" WHERE ("tasks"."slug" = 'my-task') LIMIT 1[0m
Redirected to http://localhost:3000/tasks/new?task%5Bname%5D=my-task
Completed in 19ms (DB: 0) | 302 Found [http://localhost/my-task]


Processing TasksController#new (for 127.0.0.1 at 2009-06-06 16:35:24) [GET]
  Parameters: {"task"=>{"name"=>"my-task"}}

ActionView::MissingTemplate (Missing template tasks/new.erb in view path app/views):
  thin (1.0.0) lib/thin/connection.rb:63:in `pre_process'
  thin (1.0.0) lib/thin/connection.rb:54:in `process'
  thin (1.0.0) lib/thin/connection.rb:39:in `receive_data'
  eventmachine (0.12.0) lib/eventmachine.rb:224:in `run_machine'
  eventmachine (0.12.0) lib/eventmachine.rb:224:in `run'
  thin (1.0.0) lib/thin/backends/base.rb:57:in `start'
  thin (1.0.0) lib/thin/server.rb:150:in `start'
  thin (1.0.0) lib/thin/controllers/controller.rb:80:in `start'
  thin (1.0.0) lib/thin/runner.rb:173:in `send'
  thin (1.0.0) lib/thin/runner.rb:173:in `run_command'
  thin (1.0.0) lib/thin/runner.rb:139:in `run!'
  thin (1.0.0) bin/thin:6
  /usr/bin/thin:19:in `load'
  /usr/bin/thin:19

Rendering rescues/layout (internal_server_error)


Processing TasksController#new (for 127.0.0.1 at 2009-06-06 16:38:21) [GET]
  Parameters: {"task"=>{"name"=>"my-task"}}
Rendering tasks/new
Completed in 90ms (View: 70, DB: 0) | 200 OK [http://localhost/tasks/new?task[name]=my-task]


Processing TasksController#show (for 127.0.0.1 at 2009-06-06 16:38:54) [GET]
  Parameters: {"id"=>"my-task"}
  [4;36;1mTask Load (0.4ms)[0m   [0;1mSELECT * FROM "tasks" WHERE ("tasks"."slug" = 'my-task') LIMIT 1[0m
Redirected to http://localhost:3000/tasks/new?task%5Bname%5D=my+task
Completed in 10ms (DB: 0) | 302 Found [http://localhost/my-task]


Processing TasksController#new (for 127.0.0.1 at 2009-06-06 16:38:54) [GET]
  Parameters: {"task"=>{"name"=>"my task"}}
Rendering tasks/new
Completed in 8ms (View: 2, DB: 0) | 200 OK [http://localhost/tasks/new?task%5Bname%5D=my+task]


Processing TasksController#new (for 127.0.0.1 at 2009-06-06 16:40:22) [GET]
  Parameters: {"task"=>{"name"=>"my task"}}
Rendering tasks/new
Completed in 31ms (View: 10, DB: 0) | 200 OK [http://localhost/tasks/new?task[name]=my+task]


Processing TasksController#create (for 127.0.0.1 at 2009-06-06 16:43:24) [POST]
  Parameters: {"commit"=>"Create", "authenticity_token"=>"N0a2uHQ1MJRFsonOQcP/5MOtosYvA0L3rO5R0YWGIvA=", "task"=>{"name"=>"my task", "webcode"=>"secret2"}}
  [4;35;1mTask Create (1.3ms)[0m   [0mINSERT INTO "tasks" ("name", "slug", "updated_at", "webcode", "cookiecode", "complete", "created_at") VALUES('my task', 'my-task', '2009-06-06 20:43:24', 'secret2', NULL, 'f', '2009-06-06 20:43:24')[0m

NoMethodError (undefined method `new_record' for #<Task:0x7fda7c4f96e8>):
  app/controllers/tasks_controller.rb:32:in `create'
  app/controllers/tasks_controller.rb:30:in `create'
  thin (1.0.0) lib/thin/connection.rb:63:in `pre_process'
  thin (1.0.0) lib/thin/connection.rb:54:in `process'
  thin (1.0.0) lib/thin/connection.rb:39:in `receive_data'
  eventmachine (0.12.0) lib/eventmachine.rb:224:in `run_machine'
  eventmachine (0.12.0) lib/eventmachine.rb:224:in `run'
  thin (1.0.0) lib/thin/backends/base.rb:57:in `start'
  thin (1.0.0) lib/thin/server.rb:150:in `start'
  thin (1.0.0) lib/thin/controllers/controller.rb:80:in `start'
  thin (1.0.0) lib/thin/runner.rb:173:in `send'
  thin (1.0.0) lib/thin/runner.rb:173:in `run_command'
  thin (1.0.0) lib/thin/runner.rb:139:in `run!'
  thin (1.0.0) bin/thin:6
  /usr/bin/thin:19:in `load'
  /usr/bin/thin:19

Rendered rescues/_trace (121.8ms)
Rendered rescues/_request_and_response (0.6ms)
Rendering rescues/layout (internal_server_error)


Processing TasksController#create (for 127.0.0.1 at 2009-06-06 16:43:39) [POST]
  Parameters: {"commit"=>"Create", "authenticity_token"=>"N0a2uHQ1MJRFsonOQcP/5MOtosYvA0L3rO5R0YWGIvA=", "task"=>{"name"=>"my task", "webcode"=>"secret2"}}
  [4;36;1mTask Create (0.6ms)[0m   [0;1mINSERT INTO "tasks" ("name", "slug", "updated_at", "webcode", "cookiecode", "complete", "created_at") VALUES('my task', 'my-task', '2009-06-06 20:43:39', 'secret2', NULL, 'f', '2009-06-06 20:43:39')[0m
Redirected to http://localhost:3000/my-task
Completed in 27ms (DB: 1) | 302 Found [http://localhost/tasks]


Processing TasksController#show (for 127.0.0.1 at 2009-06-06 16:43:39) [GET]
  Parameters: {"id"=>"my-task"}
  [4;35;1mTask Load (0.3ms)[0m   [0mSELECT * FROM "tasks" WHERE ("tasks"."slug" = 'my-task') LIMIT 1[0m

ActionView::MissingTemplate (Missing template tasks/show.erb in view path app/views):
  thin (1.0.0) lib/thin/connection.rb:63:in `pre_process'
  thin (1.0.0) lib/thin/connection.rb:54:in `process'
  thin (1.0.0) lib/thin/connection.rb:39:in `receive_data'
  eventmachine (0.12.0) lib/eventmachine.rb:224:in `run_machine'
  eventmachine (0.12.0) lib/eventmachine.rb:224:in `run'
  thin (1.0.0) lib/thin/backends/base.rb:57:in `start'
  thin (1.0.0) lib/thin/server.rb:150:in `start'
  thin (1.0.0) lib/thin/controllers/controller.rb:80:in `start'
  thin (1.0.0) lib/thin/runner.rb:173:in `send'
  thin (1.0.0) lib/thin/runner.rb:173:in `run_command'
  thin (1.0.0) lib/thin/runner.rb:139:in `run!'
  thin (1.0.0) bin/thin:6
  /usr/bin/thin:19:in `load'
  /usr/bin/thin:19

Rendering rescues/layout (internal_server_error)


Processing TasksController#show (for 127.0.0.1 at 2009-06-06 16:44:48) [GET]
  Parameters: {"id"=>"my-task"}
  [4;36;1mTask Load (0.8ms)[0m   [0;1mSELECT * FROM "tasks" WHERE ("tasks"."slug" = 'my-task') LIMIT 1[0m
Rendering tasks/show
Completed in 34ms (View: 15, DB: 1) | 200 OK [http://localhost/my-task]


Processing TasksController#show (for 127.0.0.1 at 2009-06-06 16:45:59) [GET]
  Parameters: {"id"=>"my-task2"}
  [4;35;1mTask Load (0.4ms)[0m   [0mSELECT * FROM "tasks" WHERE ("tasks"."slug" = 'my-task2') LIMIT 1[0m
Redirected to http://localhost:3000/tasks/new?task%5Bname%5D=my+task2
Completed in 19ms (DB: 0) | 302 Found [http://localhost/my-task2]


Processing TasksController#new (for 127.0.0.1 at 2009-06-06 16:45:59) [GET]
  Parameters: {"task"=>{"name"=>"my task2"}}
Rendering tasks/new
Completed in 7ms (View: 2, DB: 0) | 200 OK [http://localhost/tasks/new?task%5Bname%5D=my+task2]


Processing TasksController#show (for 127.0.0.1 at 2009-06-06 16:46:02) [GET]
  Parameters: {"id"=>"my-task"}
  [4;36;1mTask Load (1.2ms)[0m   [0;1mSELECT * FROM "tasks" WHERE ("tasks"."slug" = 'my-task') LIMIT 1[0m
Rendering tasks/show
Completed in 38ms (View: 15, DB: 1) | 200 OK [http://localhost/my-task]


Processing TasksController#update (for 127.0.0.1 at 2009-06-06 16:48:30) [PUT]
  Parameters: {"commit"=>"Complete", "authenticity_token"=>"N0a2uHQ1MJRFsonOQcP/5MOtosYvA0L3rO5R0YWGIvA=", "id"=>"my-task", "task"=>{"complete"=>"true"}}
  [4;35;1mTask Load (0.3ms)[0m   [0mSELECT * FROM "tasks" WHERE ("tasks"."slug" = 'my-task') LIMIT 1[0m
  [4;36;1mTask Update (0.2ms)[0m   [0;1mUPDATE "tasks" SET "complete" = 't', "updated_at" = '2009-06-06 20:48:30' WHERE "id" = 1[0m
Rendering tasks/show
Completed in 12ms (View: 0, DB: 0) | 200 OK [http://localhost/tasks/my-task]
